Using pre-set license
Built from '2020.3/staging' branch; Version is '2020.3.5f1 (8095aa901b9b) revision 8426922'; Using compiler version '192528614'; Build Type 'Release'
OS: 'Windows 10 Pro; OS build 19042.1288; Version 2009; 64bit' Language: 'en' Physical Memory: 32716 MB
BatchMode: 1, IsHumanControllingUs: 0, StartBugReporterOnCrash: 0, Is64bit: 1, IsPro: 0

 COMMAND LINE ARGUMENTS:
C:\Program Files\Unity\Hub\Editor\2020.3.5f1\Editor\Unity.exe
-adb2
-batchMode
-noUpm
-name
AssetImportWorker0
-projectPath
C:/Users/vlalo/Documents/Unity/Kart Sim
-logFile
Logs/AssetImportWorker0.log
-srvPort
56824
Successfully changed project path to: C:/Users/vlalo/Documents/Unity/Kart Sim
C:/Users/vlalo/Documents/Unity/Kart Sim
Using Asset Import Pipeline V2.
Refreshing native plugins compatible for Editor in 39.19 ms, found 0 plugins.
Preloading 0 native plugins for Editor in 0.00 ms.
Initialize engine version: 2020.3.5f1 (8095aa901b9b)
[Subsystems] Discovering subsystems at path C:/Program Files/Unity/Hub/Editor/2020.3.5f1/Editor/Data/Resources/UnitySubsystems
[Subsystems] Discovering subsystems at path C:/Users/vlalo/Documents/Unity/Kart Sim/Assets
GfxDevice: creating device client; threaded=0
Direct3D:
    Version:  Direct3D 11.0 [level 11.1]
    Renderer: AMD Radeon RX 5700 XT (ID=0x731f)
    Vendor:   
    VRAM:     8151 MB
    Driver:   30.0.13017.5006
Initialize mono
Mono path[0] = 'C:/Program Files/Unity/Hub/Editor/2020.3.5f1/Editor/Data/Managed'
Mono path[1] = 'C:/Program Files/Unity/Hub/Editor/2020.3.5f1/Editor/Data/MonoBleedingEdge/lib/mono/unityjit'
Mono config path = 'C:/Program Files/Unity/Hub/Editor/2020.3.5f1/Editor/Data/MonoBleedingEdge/etc'
Using monoOptions --debugger-agent=transport=dt_socket,embedding=1,server=y,suspend=n,address=127.0.0.1:56180
Begin MonoManager ReloadAssembly
Registering precompiled unity dll's ...
Register platform support module: C:/Program Files/Unity/Hub/Editor/2020.3.5f1/Editor/Data/PlaybackEngines/WebGLSupport/UnityEditor.WebGL.Extensions.dll
Register platform support module: C:/Program Files/Unity/Hub/Editor/2020.3.5f1/Editor/Data/PlaybackEngines/WindowsStandaloneSupport/UnityEditor.WindowsStandalone.Extensions.dll
Registered in 0.002122 seconds.
Native extension for WindowsStandalone target not found
Native extension for WebGL target not found
Refreshing native plugins compatible for Editor in 38.82 ms, found 0 plugins.
Preloading 0 native plugins for Editor in 0.00 ms.
Mono: successfully reloaded assembly
- Completed reload, in  0.958 seconds
Platform modules already initialized, skipping
Registering precompiled user dll's ...
Registered in 0.001152 seconds.
Begin MonoManager ReloadAssembly
Native extension for WindowsStandalone target not found
Native extension for WebGL target not found
Refreshing native plugins compatible for Editor in 38.31 ms, found 0 plugins.
Preloading 0 native plugins for Editor in 0.00 ms.
Mono: successfully reloaded assembly
- Completed reload, in  0.789 seconds
Platform modules already initialized, skipping
========================================================================
Worker process is ready to serve import requests
Shader 'Universal Render Pipeline/Particles/Lit': fallback shader 'Universal Render Pipeline/Particles/SimpleLit' not found
Shader 'Universal Render Pipeline/Particles/Lit': fallback shader 'Universal Render Pipeline/Particles/SimpleLit' not found
Launched and connected shader compiler UnityShaderCompiler.exe after 0.03 seconds
Refreshing native plugins compatible for Editor in 0.47 ms, found 0 plugins.
Preloading 0 native plugins for Editor in 0.00 ms.
Unloading 2421 Unused Serialized files (Serialized files now loaded: 0)
System memory in use before: 113.5 MB.
System memory in use after: 110.7 MB.

Unloading 45 unused Assets to reduce memory usage. Loaded Objects now: 2827.
Total: 3.400000 ms (FindLiveObjects: 0.376900 ms CreateObjectMapping: 0.062500 ms MarkObjects: 1.586300 ms  DeleteObjects: 1.373000 ms)

========================================================================
Received Import Request.
  path: Assets/ExampleAssets
  artifactKey: Guid(990f5c2df70993f4987a388ca178996a) Importer(815301076,1909f56bfc062723c751e8b465ee728b)
Start importing Assets/ExampleAssets using Guid(990f5c2df70993f4987a388ca178996a) Importer(815301076,1909f56bfc062723c751e8b465ee728b)  -> (artifact id: '4456673676244c877c8f3931286173e7') in 0.009271 seconds
  Import took 0.013058 seconds .

========================================================================
Received Import Request.
  Time since last request: 1.340332 seconds.
  path: Assets/Materials
  artifactKey: Guid(d0234ba368eeec9418390da711bfdad0) Importer(815301076,1909f56bfc062723c751e8b465ee728b)
Start importing Assets/Materials using Guid(d0234ba368eeec9418390da711bfdad0) Importer(815301076,1909f56bfc062723c751e8b465ee728b)  -> (artifact id: 'd73b9949026a6a116abb0547a5b022bb') in 0.008888 seconds
  Import took 0.012721 seconds .

========================================================================
Received Import Request.
  Time since last request: 3.408929 seconds.
  path: Assets/Presets
  artifactKey: Guid(558255460b74ec04fa70b5570e9327bd) Importer(815301076,1909f56bfc062723c751e8b465ee728b)
Start importing Assets/Presets using Guid(558255460b74ec04fa70b5570e9327bd) Importer(815301076,1909f56bfc062723c751e8b465ee728b)  -> (artifact id: 'dae0f04151eee1890c5f8f7b35baf936') in 0.007615 seconds
  Import took 0.013510 seconds .

========================================================================
Received Import Request.
  Time since last request: 0.003109 seconds.
  path: Assets/Presets
  artifactKey: Guid(558255460b74ec04fa70b5570e9327bd) Importer(815301076,1909f56bfc062723c751e8b465ee728b)
Start importing Assets/Presets using Guid(558255460b74ec04fa70b5570e9327bd) Importer(815301076,1909f56bfc062723c751e8b465ee728b)  -> (artifact id: 'dae0f04151eee1890c5f8f7b35baf936') in 0.002827 seconds
  Import took 0.006995 seconds .

========================================================================
Received Import Request.
  Time since last request: 7.130530 seconds.
  path: Assets/Scenes
  artifactKey: Guid(9ff13aa59663ab14da0b0cb812cdf10b) Importer(815301076,1909f56bfc062723c751e8b465ee728b)
Start importing Assets/Scenes using Guid(9ff13aa59663ab14da0b0cb812cdf10b) Importer(815301076,1909f56bfc062723c751e8b465ee728b)  -> (artifact id: 'ff614b4cdf469694b9582e7dd6938aeb') in 0.007438 seconds
  Import took 0.011134 seconds .

========================================================================
Received Import Request.
  Time since last request: 0.000228 seconds.
  path: Assets/Scenes
  artifactKey: Guid(9ff13aa59663ab14da0b0cb812cdf10b) Importer(815301076,1909f56bfc062723c751e8b465ee728b)
Start importing Assets/Scenes using Guid(9ff13aa59663ab14da0b0cb812cdf10b) Importer(815301076,1909f56bfc062723c751e8b465ee728b)  -> (artifact id: 'ff614b4cdf469694b9582e7dd6938aeb') in 0.002040 seconds
  Import took 0.004786 seconds .

========================================================================
Received Import Request.
  Time since last request: 3.861228 seconds.
  path: Assets/Scenes/SampleScene.unity
  artifactKey: Guid(d1c3109bdb54ad54c8a2b2838528e640) Importer(815301076,1909f56bfc062723c751e8b465ee728b)
Start importing Assets/Scenes/SampleScene.unity using Guid(d1c3109bdb54ad54c8a2b2838528e640) Importer(815301076,1909f56bfc062723c751e8b465ee728b)  -> (artifact id: '83093a909175586670d8c0c286a4cd1f') in 0.011357 seconds
  Import took 0.015075 seconds .

========================================================================
Received Import Request.
  Time since last request: 3.907910 seconds.
  path: Assets/Scenes/SampleSceneLightingSettings.lighting
  artifactKey: Guid(477cc4148fad3449482a3bc3178594e2) Importer(815301076,1909f56bfc062723c751e8b465ee728b)
Start importing Assets/Scenes/SampleSceneLightingSettings.lighting using Guid(477cc4148fad3449482a3bc3178594e2) Importer(815301076,1909f56bfc062723c751e8b465ee728b)  -> (artifact id: '93af9e5b88492ba61acf58729b1c0ce1') in 0.022085 seconds
  Import took 0.025806 seconds .

========================================================================
Received Import Request.
  Time since last request: 0.000525 seconds.
  path: Assets/Scenes/SampleSceneLightingSettings.lighting
  artifactKey: Guid(477cc4148fad3449482a3bc3178594e2) Importer(815301076,1909f56bfc062723c751e8b465ee728b)
Start importing Assets/Scenes/SampleSceneLightingSettings.lighting using Guid(477cc4148fad3449482a3bc3178594e2) Importer(815301076,1909f56bfc062723c751e8b465ee728b)  -> (artifact id: '93af9e5b88492ba61acf58729b1c0ce1') in 0.004006 seconds
  Import took 0.007435 seconds .

========================================================================
Received Import Request.
  Time since last request: 3.041256 seconds.
  path: Assets/Settings
  artifactKey: Guid(0735c275001a2c84dafdb30deced5d8d) Importer(815301076,1909f56bfc062723c751e8b465ee728b)
Start importing Assets/Settings using Guid(0735c275001a2c84dafdb30deced5d8d) Importer(815301076,1909f56bfc062723c751e8b465ee728b)  -> (artifact id: '3daad50ea61eb0cbd454ca35c0142d9c') in 0.005471 seconds
  Import took 0.009220 seconds .

========================================================================
Received Import Request.
  Time since last request: 0.000320 seconds.
  path: Assets/Settings
  artifactKey: Guid(0735c275001a2c84dafdb30deced5d8d) Importer(815301076,1909f56bfc062723c751e8b465ee728b)
Start importing Assets/Settings using Guid(0735c275001a2c84dafdb30deced5d8d) Importer(815301076,1909f56bfc062723c751e8b465ee728b)  -> (artifact id: '3daad50ea61eb0cbd454ca35c0142d9c') in 0.002035 seconds
  Import took 0.005101 seconds .

========================================================================
Received Import Request.
  Time since last request: 4.410116 seconds.
  path: Assets/TutorialInfo
  artifactKey: Guid(49110bb8dcada46328ad741970bce702) Importer(815301076,1909f56bfc062723c751e8b465ee728b)
Start importing Assets/TutorialInfo using Guid(49110bb8dcada46328ad741970bce702) Importer(815301076,1909f56bfc062723c751e8b465ee728b)  -> (artifact id: '2994327f49dfc329de370790f36e022b') in 0.006069 seconds
  Import took 0.009758 seconds .

========================================================================
Received Import Request.
  Time since last request: 0.000723 seconds.
  path: Assets/TutorialInfo
  artifactKey: Guid(49110bb8dcada46328ad741970bce702) Importer(815301076,1909f56bfc062723c751e8b465ee728b)
Start importing Assets/TutorialInfo using Guid(49110bb8dcada46328ad741970bce702) Importer(815301076,1909f56bfc062723c751e8b465ee728b)  -> (artifact id: '2994327f49dfc329de370790f36e022b') in 0.002547 seconds
  Import took 0.006122 seconds .

========================================================================
Received Prepare
Registering precompiled user dll's ...
Registered in 0.001244 seconds.
Begin MonoManager ReloadAssembly
Native extension for WindowsStandalone target not found
Native extension for WebGL target not found
Refreshing native plugins compatible for Editor in 0.46 ms, found 0 plugins.
Preloading 0 native plugins for Editor in 0.00 ms.
Mono: successfully reloaded assembly
- Completed reload, in  0.695 seconds
Platform modules already initialized, skipping
Shader 'Universal Render Pipeline/Particles/Lit': fallback shader 'Universal Render Pipeline/Particles/SimpleLit' not found
Shader 'Universal Render Pipeline/Particles/Lit': fallback shader 'Universal Render Pipeline/Particles/SimpleLit' not found
Refreshing native plugins compatible for Editor in 0.46 ms, found 0 plugins.
Preloading 0 native plugins for Editor in 0.00 ms.
Unloading 2344 Unused Serialized files (Serialized files now loaded: 0)
System memory in use before: 109.8 MB.
System memory in use after: 107.1 MB.

Unloading 41 unused Assets to reduce memory usage. Loaded Objects now: 2829.
Total: 3.190300 ms (FindLiveObjects: 0.248300 ms CreateObjectMapping: 0.057900 ms MarkObjects: 1.563200 ms  DeleteObjects: 1.320100 ms)

========================================================================
Received Import Request.
  Time since last request: 10.459960 seconds.
  path: Assets/Scripts
  artifactKey: Guid(02a3527b6b33a924e8ec66aa805ea717) Importer(815301076,1909f56bfc062723c751e8b465ee728b)
Start importing Assets/Scripts using Guid(02a3527b6b33a924e8ec66aa805ea717) Importer(815301076,1909f56bfc062723c751e8b465ee728b)  -> (artifact id: '6bd86b1d3c446bea3dff0cc9782305c0') in 0.009130 seconds
  Import took 0.012468 seconds .

========================================================================
Received Import Request.
  Time since last request: 0.598157 seconds.
  path: Assets/Scripts/SimpleCameraController.cs
  artifactKey: Guid(be76e5f14cfee674cb30b491fb72b09b) Importer(815301076,1909f56bfc062723c751e8b465ee728b)
Start importing Assets/Scripts/SimpleCameraController.cs using Guid(be76e5f14cfee674cb30b491fb72b09b) Importer(815301076,1909f56bfc062723c751e8b465ee728b)  -> (artifact id: '620331517c14627a49fd031050405bce') in 0.008556 seconds
  Import took 0.012500 seconds .

========================================================================
Received Import Request.
  Time since last request: 0.016388 seconds.
  path: Assets/Scripts/SimpleCameraController.cs
  artifactKey: Guid(be76e5f14cfee674cb30b491fb72b09b) Importer(815301076,1909f56bfc062723c751e8b465ee728b)
Start importing Assets/Scripts/SimpleCameraController.cs using Guid(be76e5f14cfee674cb30b491fb72b09b) Importer(815301076,1909f56bfc062723c751e8b465ee728b)  -> (artifact id: '620331517c14627a49fd031050405bce') in 0.002233 seconds
  Import took 0.005884 seconds .

========================================================================
Received Prepare
Registering precompiled user dll's ...
Registered in 0.001267 seconds.
Begin MonoManager ReloadAssembly
Native extension for WindowsStandalone target not found
Native extension for WebGL target not found
Refreshing native plugins compatible for Editor in 0.47 ms, found 0 plugins.
Preloading 0 native plugins for Editor in 0.00 ms.
Mono: successfully reloaded assembly
- Completed reload, in  0.702 seconds
Platform modules already initialized, skipping
Shader 'Universal Render Pipeline/Particles/Lit': fallback shader 'Universal Render Pipeline/Particles/SimpleLit' not found
Shader 'Universal Render Pipeline/Particles/Lit': fallback shader 'Universal Render Pipeline/Particles/SimpleLit' not found
Refreshing native plugins compatible for Editor in 0.48 ms, found 0 plugins.
Preloading 0 native plugins for Editor in 0.00 ms.
Unloading 2343 Unused Serialized files (Serialized files now loaded: 0)
System memory in use before: 109.9 MB.
System memory in use after: 107.1 MB.

Unloading 41 unused Assets to reduce memory usage. Loaded Objects now: 2831.
Total: 3.783400 ms (FindLiveObjects: 0.301100 ms CreateObjectMapping: 0.070200 ms MarkObjects: 1.988100 ms  DeleteObjects: 1.422600 ms)

========================================================================
Received Import Request.
  Time since last request: 32.977276 seconds.
  path: Assets/Scenes/Main.unity
  artifactKey: Guid(ad974377346557c48bdafea80ac3fcb5) Importer(815301076,1909f56bfc062723c751e8b465ee728b)
Start importing Assets/Scenes/Main.unity using Guid(ad974377346557c48bdafea80ac3fcb5) Importer(815301076,1909f56bfc062723c751e8b465ee728b)  -> (artifact id: '7f5a3b5494f7763ee2a82c7d7acc2324') in 0.015435 seconds
  Import took 0.019273 seconds .

========================================================================
Received Import Request.
  Time since last request: 10.014266 seconds.
  path: Assets
  artifactKey: Guid(00000000000000001000000000000000) Importer(815301076,1909f56bfc062723c751e8b465ee728b)
Start importing Assets using Guid(00000000000000001000000000000000) Importer(815301076,1909f56bfc062723c751e8b465ee728b)  -> (artifact id: 'e4856052512617ee48189cf1d7999900') in 0.005988 seconds
  Import took 0.009649 seconds .

========================================================================
Received Import Request.
  Time since last request: 0.000496 seconds.
  path: Assets
  artifactKey: Guid(00000000000000001000000000000000) Importer(815301076,1909f56bfc062723c751e8b465ee728b)
Start importing Assets using Guid(00000000000000001000000000000000) Importer(815301076,1909f56bfc062723c751e8b465ee728b)  -> (artifact id: 'e4856052512617ee48189cf1d7999900') in 0.001818 seconds
  Import took 0.004358 seconds .

========================================================================
Received Import Request.
  Time since last request: 7.745235 seconds.
  path: Assets/Models
  artifactKey: Guid(525d756caa3a3324481b7a9ae02d32d3) Importer(815301076,1909f56bfc062723c751e8b465ee728b)
Start importing Assets/Models using Guid(525d756caa3a3324481b7a9ae02d32d3) Importer(815301076,1909f56bfc062723c751e8b465ee728b)  -> (artifact id: '1d861a710dd15e286bc12b2257052b76') in 0.005776 seconds
  Import took 0.009313 seconds .

========================================================================
Received Import Request.
  Time since last request: 0.000399 seconds.
  path: Assets/Models
  artifactKey: Guid(525d756caa3a3324481b7a9ae02d32d3) Importer(815301076,1909f56bfc062723c751e8b465ee728b)
Start importing Assets/Models using Guid(525d756caa3a3324481b7a9ae02d32d3) Importer(815301076,1909f56bfc062723c751e8b465ee728b)  -> (artifact id: '1d861a710dd15e286bc12b2257052b76') in 0.001875 seconds
  Import took 0.004354 seconds .

========================================================================
Received Import Request.
  Time since last request: 22.546979 seconds.
  path: Assets/Textures
  artifactKey: Guid(c3e4596066c4c9b4093f30d0863c9ab9) Importer(815301076,1909f56bfc062723c751e8b465ee728b)
Start importing Assets/Textures using Guid(c3e4596066c4c9b4093f30d0863c9ab9) Importer(815301076,1909f56bfc062723c751e8b465ee728b)  -> (artifact id: '2382da1b552e47b3fdb574303cb05a9c') in 0.005847 seconds
  Import took 0.009473 seconds .

========================================================================
Received Import Request.
  Time since last request: 95.049974 seconds.
  path: Assets/Models/race.fbx
  artifactKey: Guid(aa83c97eb3e510547b1fff155f200250) Importer(815301076,1909f56bfc062723c751e8b465ee728b)
Start importing Assets/Models/race.fbx using Guid(aa83c97eb3e510547b1fff155f200250) Importer(815301076,1909f56bfc062723c751e8b465ee728b)  -> (artifact id: 'ebb0b071f8b29dc46460dae1c3f2bc1f') in 0.401616 seconds
  Import took 0.405865 seconds .

========================================================================
Received Import Request.
  Time since last request: 2.856415 seconds.
  path: Assets/Models/KennyKart.fbx
  artifactKey: Guid(aa83c97eb3e510547b1fff155f200250) Importer(815301076,1909f56bfc062723c751e8b465ee728b)
Start importing Assets/Models/KennyKart.fbx using Guid(aa83c97eb3e510547b1fff155f200250) Importer(815301076,1909f56bfc062723c751e8b465ee728b)  -> (artifact id: 'fa5af09dddedc090350f45ed396d1317') in 0.048853 seconds
  Import took 0.052693 seconds .

========================================================================
Received Import Request.
  Time since last request: 16.279810 seconds.
  path: Assets/Models/raceFuture.fbx
  artifactKey: Guid(8210304c1501bc446b35bd9b4f9aeec2) Importer(815301076,1909f56bfc062723c751e8b465ee728b)
Start importing Assets/Models/raceFuture.fbx using Guid(8210304c1501bc446b35bd9b4f9aeec2) Importer(815301076,1909f56bfc062723c751e8b465ee728b)  -> (artifact id: '131573d77c2a3da87d95f01081faa3f5') in 0.050553 seconds
  Import took 0.054635 seconds .

========================================================================
Received Import Request.
  Time since last request: 7.447602 seconds.
  path: Assets/Models/FutureKart.fbx
  artifactKey: Guid(8210304c1501bc446b35bd9b4f9aeec2) Importer(815301076,1909f56bfc062723c751e8b465ee728b)
Start importing Assets/Models/FutureKart.fbx using Guid(8210304c1501bc446b35bd9b4f9aeec2) Importer(815301076,1909f56bfc062723c751e8b465ee728b)  -> (artifact id: 'e79ac4acf73526fb184774377d6f2896') in 0.048664 seconds
  Import took 0.052543 seconds .

========================================================================
Received Import Request.
  Time since last request: 47.939226 seconds.
  path: Assets/Models/HCR_Race_Car.blend
  artifactKey: Guid(d2924b3241b762c45bfb586c72d3596a) Importer(815301076,1909f56bfc062723c751e8b465ee728b)
Start importing Assets/Models/HCR_Race_Car.blend using Guid(d2924b3241b762c45bfb586c72d3596a) Importer(815301076,1909f56bfc062723c751e8b465ee728b)  -> (artifact id: 'c3923f2c165c61cbc719f0da77a8d329') in 0.008331 seconds
  Import took 0.012123 seconds .

========================================================================
Received Import Request.
  Time since last request: 96.351153 seconds.
  path: Assets/Models/kart1.blend
  artifactKey: Guid(1df29d33f89ddad40a7e07f95ef43780) Importer(815301076,1909f56bfc062723c751e8b465ee728b)
Start importing Assets/Models/kart1.blend using Guid(1df29d33f89ddad40a7e07f95ef43780) Importer(815301076,1909f56bfc062723c751e8b465ee728b)  -> (artifact id: '307974ade7e8c6909616a776866a813d') in 0.006836 seconds
  Import took 0.010570 seconds .

========================================================================
Received Import Request.
  Time since last request: 0.000410 seconds.
  path: Assets/Models/kart1.blend
  artifactKey: Guid(1df29d33f89ddad40a7e07f95ef43780) Importer(815301076,1909f56bfc062723c751e8b465ee728b)
Start importing Assets/Models/kart1.blend using Guid(1df29d33f89ddad40a7e07f95ef43780) Importer(815301076,1909f56bfc062723c751e8b465ee728b)  -> (artifact id: '307974ade7e8c6909616a776866a813d') in 0.002377 seconds
  Import took 0.005324 seconds .

========================================================================
Received Import Request.
  Time since last request: 61.020485 seconds.
  path: Assets/Models/HCR_Race_Car.blend
  artifactKey: Guid(d2924b3241b762c45bfb586c72d3596a) Importer(815301076,1909f56bfc062723c751e8b465ee728b)
Start importing Assets/Models/HCR_Race_Car.blend using Guid(d2924b3241b762c45bfb586c72d3596a) Importer(815301076,1909f56bfc062723c751e8b465ee728b)  -> (artifact id: '55d238aefddf049cccd4003b78834888') in 0.002520 seconds
  Import took 0.006139 seconds .

========================================================================
Received Import Request.
  Time since last request: 318.371835 seconds.
  path: Assets/Models/sketchfab_model.fbx
  artifactKey: Guid(b2ce37cbde812de41b170f6b73a74ca5) Importer(815301076,1909f56bfc062723c751e8b465ee728b)
Start importing Assets/Models/sketchfab_model.fbx using Guid(b2ce37cbde812de41b170f6b73a74ca5) Importer(815301076,1909f56bfc062723c751e8b465ee728b)  -> (artifact id: 'c7a8d97d66f28dfd7f52af7f13dd7b13') in 0.303324 seconds
  Import took 0.307417 seconds .

AssetImportWorkerClient::OnTransportError - code=2 error=End of file
